2021-11-25 11:50:35,712 - INFO: Using cuda as the accelerator
2021-11-25 11:50:40,887 - INFO: Found Checkpoint :)
2021-11-25 11:50:48,569 - INFO: Epoch: [4][0/1407]	Batch Time 7.565 (7.565)	Data Load Time 2.185 (2.185)	Loss 3.3641 (3.3641)	Top-5 Accuracy 71.528 (71.528)
2021-11-25 11:56:35,059 - INFO: Epoch: [4][100/1407]	Batch Time 1.294 (3.505)	Data Load Time 0.006 (2.182)	Loss 3.5966 (3.3813)	Top-5 Accuracy 67.320 (71.431)
2021-11-25 12:02:10,097 - INFO: Epoch: [4][200/1407]	Batch Time 1.270 (3.428)	Data Load Time 0.006 (2.126)	Loss 3.2735 (3.3773)	Top-5 Accuracy 73.239 (71.796)
2021-11-25 12:07:53,268 - INFO: Epoch: [4][300/1407]	Batch Time 1.315 (3.429)	Data Load Time 0.017 (2.133)	Loss 3.2471 (3.3741)	Top-5 Accuracy 71.698 (71.744)
2021-11-25 12:13:35,714 - INFO: Epoch: [4][400/1407]	Batch Time 1.296 (3.428)	Data Load Time 0.006 (2.136)	Loss 3.1729 (3.3521)	Top-5 Accuracy 75.974 (72.003)
2021-11-25 12:19:22,381 - INFO: Epoch: [4][500/1407]	Batch Time 1.284 (3.436)	Data Load Time 0.010 (2.145)	Loss 2.9636 (3.3482)	Top-5 Accuracy 78.205 (72.018)
2021-11-25 12:25:09,798 - INFO: Epoch: [4][600/1407]	Batch Time 1.272 (3.442)	Data Load Time 0.006 (2.153)	Loss 3.3243 (3.3370)	Top-5 Accuracy 71.053 (72.100)
2021-11-25 12:31:45,144 - INFO: Epoch: [4][700/1407]	Batch Time 5.006 (3.515)	Data Load Time 3.736 (2.227)	Loss 3.4189 (3.3302)	Top-5 Accuracy 72.185 (72.153)
2021-11-25 12:37:20,360 - INFO: Epoch: [4][800/1407]	Batch Time 1.267 (3.495)	Data Load Time 0.004 (2.208)	Loss 3.3707 (3.3204)	Top-5 Accuracy 73.571 (72.231)
2021-11-25 12:42:45,569 - INFO: Epoch: [4][900/1407]	Batch Time 1.301 (3.468)	Data Load Time 0.018 (2.181)	Loss 3.1502 (3.3067)	Top-5 Accuracy 73.973 (72.400)
2021-11-25 12:48:27,287 - INFO: Epoch: [4][1000/1407]	Batch Time 5.446 (3.463)	Data Load Time 4.166 (2.177)	Loss 2.8880 (3.2967)	Top-5 Accuracy 79.114 (72.509)
2021-11-25 12:54:15,359 - INFO: Epoch: [4][1100/1407]	Batch Time 5.510 (3.464)	Data Load Time 4.221 (2.179)	Loss 3.1610 (3.2884)	Top-5 Accuracy 73.885 (72.606)
2021-11-25 12:59:55,911 - INFO: Epoch: [4][1200/1407]	Batch Time 1.286 (3.460)	Data Load Time 0.003 (2.174)	Loss 3.1135 (3.2821)	Top-5 Accuracy 74.843 (72.669)
2021-11-25 13:05:40,680 - INFO: Epoch: [4][1300/1407]	Batch Time 1.294 (3.459)	Data Load Time 0.006 (2.174)	Loss 3.3730 (3.2734)	Top-5 Accuracy 68.553 (72.767)
2021-11-25 13:11:24,620 - INFO: Epoch: [4][1400/1407]	Batch Time 3.502 (3.457)	Data Load Time 2.230 (2.173)	Loss 2.7931 (3.2642)	Top-5 Accuracy 77.397 (72.890)
2021-11-25 13:11:44,578 - INFO: Training for Epoch: 5 Done!!!!
2021-11-25 13:11:51,595 - INFO: Validation: [0/157]	Batch Time 7.016 (7.016)	Loss 9.4529 (9.4529)	Top-5 Accuracy 10.526 (10.526)	
2021-11-25 13:17:29,486 - INFO: Validation: [100/157]	Batch Time 5.118 (3.415)	Loss 9.6258 (9.8311)	Top-5 Accuracy 10.959 (8.460)	
/usr/local/lib/python3.7/dist-packages/nltk/translate/bleu_score.py:490: UserWarning: 
Corpus/Sentence contains 0 counts of 4-gram overlaps.
BLEU scores might be undesirable; use SmoothingFunction().
  warnings.warn(_msg)
2021-11-25 13:20:38,593 - INFO: 
 * LOSS - 9.866, TOP-5 ACCURACY - 8.371, BLEU-4 - 0.008766384445466006

2021-11-25 13:20:38,595 - INFO: 
Epochs since last improvement: 4

2021-11-25 13:20:45,576 - INFO: Epoch: [5][0/1407]	Batch Time 3.501 (3.501)	Data Load Time 2.210 (2.210)	Loss 2.9532 (2.9532)	Top-5 Accuracy 77.778 (77.778)
2021-11-25 13:23:01,988 - INFO: Epoch: [5][100/1407]	Batch Time 1.341 (1.385)	Data Load Time 0.011 (0.065)	Loss 3.4016 (3.1230)	Top-5 Accuracy 68.627 (74.606)
2021-11-25 13:25:19,314 - INFO: Epoch: [5][200/1407]	Batch Time 1.296 (1.379)	Data Load Time 0.012 (0.064)	Loss 3.0857 (3.1154)	Top-5 Accuracy 76.056 (75.060)
2021-11-25 13:27:34,633 - INFO: Epoch: [5][300/1407]	Batch Time 1.342 (1.371)	Data Load Time 0.007 (0.056)	Loss 3.0104 (3.1142)	Top-5 Accuracy 76.730 (74.850)
2021-11-25 13:29:49,749 - INFO: Epoch: [5][400/1407]	Batch Time 1.341 (1.366)	Data Load Time 0.019 (0.051)	Loss 2.8636 (3.0943)	Top-5 Accuracy 75.974 (75.025)
2021-11-25 13:32:04,551 - INFO: Epoch: [5][500/1407]	Batch Time 1.328 (1.362)	Data Load Time 0.024 (0.048)	Loss 2.7888 (3.0909)	Top-5 Accuracy 81.410 (75.033)
2021-11-25 13:34:18,822 - INFO: Epoch: [5][600/1407]	Batch Time 1.326 (1.359)	Data Load Time 0.020 (0.044)	Loss 3.1625 (3.0811)	Top-5 Accuracy 73.684 (75.121)
2021-11-25 13:36:33,034 - INFO: Epoch: [5][700/1407]	Batch Time 1.326 (1.357)	Data Load Time 0.019 (0.042)	Loss 3.0899 (3.0745)	Top-5 Accuracy 78.146 (75.194)
2021-11-25 13:38:47,695 - INFO: Epoch: [5][800/1407]	Batch Time 1.321 (1.355)	Data Load Time 0.007 (0.041)	Loss 3.1942 (3.0652)	Top-5 Accuracy 72.857 (75.329)
2021-11-25 13:41:01,653 - INFO: Epoch: [5][900/1407]	Batch Time 1.358 (1.354)	Data Load Time 0.029 (0.039)	Loss 2.7663 (3.0521)	Top-5 Accuracy 78.767 (75.505)
2021-11-25 13:43:15,748 - INFO: Epoch: [5][1000/1407]	Batch Time 1.342 (1.352)	Data Load Time 0.019 (0.037)	Loss 2.6758 (3.0419)	Top-5 Accuracy 81.646 (75.628)
2021-11-25 13:45:29,661 - INFO: Epoch: [5][1100/1407]	Batch Time 1.344 (1.351)	Data Load Time 0.026 (0.036)	Loss 2.9198 (3.0336)	Top-5 Accuracy 78.344 (75.724)
2021-11-25 13:47:43,750 - INFO: Epoch: [5][1200/1407]	Batch Time 1.354 (1.350)	Data Load Time 0.020 (0.035)	Loss 2.9510 (3.0284)	Top-5 Accuracy 77.358 (75.785)
2021-11-25 13:49:57,495 - INFO: Epoch: [5][1300/1407]	Batch Time 1.312 (1.349)	Data Load Time 0.010 (0.034)	Loss 3.0731 (3.0203)	Top-5 Accuracy 73.585 (75.879)
2021-11-25 13:52:10,977 - INFO: Epoch: [5][1400/1407]	Batch Time 1.353 (1.348)	Data Load Time 0.027 (0.033)	Loss 2.5988 (3.0115)	Top-5 Accuracy 82.877 (75.989)
2021-11-25 13:52:18,067 - INFO: Training for Epoch: 6 Done!!!!
2021-11-25 13:52:20,844 - INFO: Validation: [0/157]	Batch Time 2.775 (2.775)	Loss 9.8551 (9.8551)	Top-5 Accuracy 9.868 (9.868)	
2021-11-25 13:54:13,833 - INFO: Validation: [100/157]	Batch Time 0.533 (1.146)	Loss 10.0737 (10.2754)	Top-5 Accuracy 12.329 (8.259)	
2021-11-25 13:55:18,365 - INFO: 
 * LOSS - 10.317, TOP-5 ACCURACY - 8.023, BLEU-4 - 0.007290039431862928

2021-11-25 13:55:18,367 - INFO: 
Epochs since last improvement: 5

2021-11-25 13:55:25,579 - INFO: Epoch: [6][0/1407]	Batch Time 3.673 (3.673)	Data Load Time 2.290 (2.290)	Loss 2.8401 (2.8401)	Top-5 Accuracy 79.167 (79.167)
2021-11-25 13:57:43,205 - INFO: Epoch: [6][100/1407]	Batch Time 1.345 (1.399)	Data Load Time 0.025 (0.067)	Loss 3.0901 (2.8889)	Top-5 Accuracy 72.549 (77.704)
2021-11-25 13:59:59,207 - INFO: Epoch: [6][200/1407]	Batch Time 1.340 (1.380)	Data Load Time 0.029 (0.051)	Loss 2.7451 (2.8794)	Top-5 Accuracy 80.986 (77.815)
2021-11-25 14:02:15,584 - INFO: Epoch: [6][300/1407]	Batch Time 1.376 (1.374)	Data Load Time 0.020 (0.047)	Loss 2.7365 (2.8766)	Top-5 Accuracy 79.245 (77.721)
2021-11-25 14:04:31,613 - INFO: Epoch: [6][400/1407]	Batch Time 1.423 (1.371)	Data Load Time 0.101 (0.045)	Loss 2.6410 (2.8587)	Top-5 Accuracy 78.571 (77.893)
2021-11-25 14:06:47,432 - INFO: Epoch: [6][500/1407]	Batch Time 1.353 (1.368)	Data Load Time 0.022 (0.042)	Loss 2.4536 (2.8577)	Top-5 Accuracy 85.256 (77.898)
2021-11-25 14:09:01,969 - INFO: Epoch: [6][600/1407]	Batch Time 1.311 (1.364)	Data Load Time 0.014 (0.039)	Loss 2.9337 (2.8477)	Top-5 Accuracy 75.658 (77.960)
2021-11-25 14:11:16,176 - INFO: Epoch: [6][700/1407]	Batch Time 1.311 (1.361)	Data Load Time 0.017 (0.037)	Loss 2.8790 (2.8409)	Top-5 Accuracy 76.821 (78.044)
2021-11-25 14:13:29,047 - INFO: Epoch: [6][800/1407]	Batch Time 1.318 (1.357)	Data Load Time 0.023 (0.035)	Loss 2.9004 (2.8306)	Top-5 Accuracy 77.143 (78.208)
2021-11-25 14:15:42,284 - INFO: Epoch: [6][900/1407]	Batch Time 1.340 (1.354)	Data Load Time 0.023 (0.033)	Loss 2.5018 (2.8188)	Top-5 Accuracy 82.192 (78.373)
2021-11-25 14:17:55,194 - INFO: Epoch: [6][1000/1407]	Batch Time 1.345 (1.352)	Data Load Time 0.041 (0.032)	Loss 2.4874 (2.8096)	Top-5 Accuracy 81.646 (78.466)
2021-11-25 14:20:07,764 - INFO: Epoch: [6][1100/1407]	Batch Time 1.327 (1.350)	Data Load Time 0.017 (0.031)	Loss 2.7525 (2.8044)	Top-5 Accuracy 79.618 (78.546)
2021-11-25 14:22:19,883 - INFO: Epoch: [6][1200/1407]	Batch Time 1.348 (1.347)	Data Load Time 0.027 (0.030)	Loss 2.7876 (2.8010)	Top-5 Accuracy 79.245 (78.589)
2021-11-25 14:24:33,507 - INFO: Epoch: [6][1300/1407]	Batch Time 1.297 (1.346)	Data Load Time 0.010 (0.030)	Loss 2.8493 (2.7936)	Top-5 Accuracy 77.358 (78.695)
2021-11-25 14:26:47,856 - INFO: Epoch: [6][1400/1407]	Batch Time 1.354 (1.346)	Data Load Time 0.031 (0.029)	Loss 2.4597 (2.7849)	Top-5 Accuracy 82.877 (78.795)
2021-11-25 14:26:54,957 - INFO: Training for Epoch: 7 Done!!!!
2021-11-25 14:26:57,681 - INFO: Validation: [0/157]	Batch Time 2.721 (2.721)	Loss 10.2560 (10.2560)	Top-5 Accuracy 8.553 (8.553)	
2021-11-25 14:28:51,826 - INFO: Validation: [100/157]	Batch Time 1.794 (1.157)	Loss 10.5569 (10.7335)	Top-5 Accuracy 8.904 (7.823)	
2021-11-25 14:29:53,695 - INFO: 
 * LOSS - 10.776, TOP-5 ACCURACY - 7.607, BLEU-4 - 0.006764543485647213

2021-11-25 14:29:53,696 - INFO: 
Epochs since last improvement: 6

2021-11-25 14:30:00,973 - INFO: Epoch: [7][0/1407]	Batch Time 3.449 (3.449)	Data Load Time 2.097 (2.097)	Loss 2.5945 (2.5945)	Top-5 Accuracy 86.111 (86.111)
2021-11-25 14:32:15,842 - INFO: Epoch: [7][100/1407]	Batch Time 1.294 (1.369)	Data Load Time 0.010 (0.053)	Loss 2.8909 (2.6678)	Top-5 Accuracy 77.124 (80.182)
2021-11-25 14:34:28,146 - INFO: Epoch: [7][200/1407]	Batch Time 1.344 (1.346)	Data Load Time 0.032 (0.037)	Loss 2.4408 (2.6673)	Top-5 Accuracy 85.211 (80.312)
2021-11-25 14:36:41,338 - INFO: Epoch: [7][300/1407]	Batch Time 1.338 (1.342)	Data Load Time 0.032 (0.032)	Loss 2.6207 (2.6647)	Top-5 Accuracy 80.503 (80.240)
2021-11-25 14:38:54,795 - INFO: Epoch: [7][400/1407]	Batch Time 1.380 (1.340)	Data Load Time 0.028 (0.030)	Loss 2.4327 (2.6525)	Top-5 Accuracy 82.468 (80.371)
2021-11-25 14:41:09,307 - INFO: Epoch: [7][500/1407]	Batch Time 1.334 (1.341)	Data Load Time 0.019 (0.029)	Loss 2.2174 (2.6468)	Top-5 Accuracy 88.462 (80.552)
2021-11-25 14:43:23,696 - INFO: Epoch: [7][600/1407]	Batch Time 1.308 (1.341)	Data Load Time 0.019 (0.028)	Loss 2.7090 (2.6361)	Top-5 Accuracy 76.316 (80.657)
2021-11-25 14:45:38,535 - INFO: Epoch: [7][700/1407]	Batch Time 1.320 (1.342)	Data Load Time 0.026 (0.027)	Loss 2.6209 (2.6303)	Top-5 Accuracy 82.781 (80.719)
2021-11-25 14:47:51,701 - INFO: Epoch: [7][800/1407]	Batch Time 1.336 (1.341)	Data Load Time 0.023 (0.026)	Loss 2.5759 (2.6208)	Top-5 Accuracy 82.857 (80.865)
2021-11-25 14:50:04,522 - INFO: Epoch: [7][900/1407]	Batch Time 1.318 (1.340)	Data Load Time 0.021 (0.026)	Loss 2.3346 (2.6107)	Top-5 Accuracy 84.932 (81.013)
2021-11-25 14:52:18,255 - INFO: Epoch: [7][1000/1407]	Batch Time 1.352 (1.339)	Data Load Time 0.023 (0.025)	Loss 2.2858 (2.6036)	Top-5 Accuracy 82.911 (81.088)
2021-11-25 14:54:30,979 - INFO: Epoch: [7][1100/1407]	Batch Time 1.323 (1.338)	Data Load Time 0.015 (0.025)	Loss 2.6377 (2.5993)	Top-5 Accuracy 81.529 (81.147)
2021-11-25 14:56:44,577 - INFO: Epoch: [7][1200/1407]	Batch Time 1.313 (1.338)	Data Load Time 0.028 (0.025)	Loss 2.4730 (2.5966)	Top-5 Accuracy 84.906 (81.167)
2021-11-25 14:58:57,816 - INFO: Epoch: [7][1300/1407]	Batch Time 1.346 (1.338)	Data Load Time 0.025 (0.025)	Loss 2.7787 (2.5892)	Top-5 Accuracy 78.616 (81.267)
2021-11-25 15:01:11,972 - INFO: Epoch: [7][1400/1407]	Batch Time 1.333 (1.338)	Data Load Time 0.021 (0.025)	Loss 2.1939 (2.5821)	Top-5 Accuracy 83.562 (81.371)
2021-11-25 15:01:19,105 - INFO: Training for Epoch: 8 Done!!!!
2021-11-25 15:01:21,644 - INFO: Validation: [0/157]	Batch Time 2.537 (2.537)	Loss 10.7240 (10.7240)	Top-5 Accuracy 9.868 (9.868)	
2021-11-25 15:03:15,914 - INFO: Validation: [100/157]	Batch Time 0.717 (1.157)	Loss 10.8944 (11.2658)	Top-5 Accuracy 10.959 (8.220)	
2021-11-25 15:04:20,111 - INFO: 
 * LOSS - 11.316, TOP-5 ACCURACY - 8.027, BLEU-4 - 0.007026669265325464

2021-11-25 15:04:20,113 - INFO: 
Epochs since last improvement: 7

2021-11-25 15:04:27,370 - INFO: Epoch: [8][0/1407]	Batch Time 3.665 (3.665)	Data Load Time 2.267 (2.267)	Loss 2.4172 (2.4172)	Top-5 Accuracy 82.639 (82.639)
2021-11-25 15:06:44,898 - INFO: Epoch: [8][100/1407]	Batch Time 1.330 (1.398)	Data Load Time 0.014 (0.063)	Loss 2.7092 (2.4736)	Top-5 Accuracy 75.817 (82.673)
2021-11-25 15:09:00,435 - INFO: Epoch: [8][200/1407]	Batch Time 1.326 (1.377)	Data Load Time 0.015 (0.049)	Loss 2.3147 (2.4725)	Top-5 Accuracy 86.620 (82.765)
2021-11-25 15:11:14,979 - INFO: Epoch: [8][300/1407]	Batch Time 1.359 (1.366)	Data Load Time 0.024 (0.040)	Loss 2.4149 (2.4721)	Top-5 Accuracy 81.132 (82.777)
2021-11-25 15:13:27,993 - INFO: Epoch: [8][400/1407]	Batch Time 1.320 (1.357)	Data Load Time 0.022 (0.036)	Loss 2.2704 (2.4583)	Top-5 Accuracy 83.117 (82.933)
2021-11-25 15:15:41,736 - INFO: Epoch: [8][500/1407]	Batch Time 1.313 (1.353)	Data Load Time 0.014 (0.033)	Loss 2.0972 (2.4542)	Top-5 Accuracy 91.667 (83.001)
2021-11-25 15:17:56,037 - INFO: Epoch: [8][600/1407]	Batch Time 1.332 (1.352)	Data Load Time 0.022 (0.031)	Loss 2.4872 (2.4483)	Top-5 Accuracy 83.553 (83.098)